SF:lib\core\exceptions\failure.dart
DA:8,10
DA:10,1
DA:12,1
DA:13,3
DA:18,2
DA:22,4
DA:25,1
DA:26,2
DA:27,2
DA:28,2
DA:29,1
DA:30,1
DA:31,4
DA:34,1
DA:35,3
LF:15
LH:15
end_of_record
SF:lib\features\menu\data\repositories\menu_repository_impl.dart
DA:14,1
DA:18,1
DA:21,2
DA:23,2
DA:25,2
DA:27,1
DA:28,1
DA:29,1
DA:31,1
DA:32,1
DA:33,1
DA:37,1
DA:41,2
DA:43,2
DA:45,2
DA:47,1
DA:48,1
DA:49,1
DA:52,4
DA:53,1
DA:55,1
DA:56,1
DA:57,1
LF:23
LH:23
end_of_record
SF:lib\features\menu\data\services\menu_service.dart
DA:18,0
DA:21,0
DA:24,0
DA:26,0
DA:28,0
DA:29,0
DA:33,0
DA:38,0
DA:39,0
DA:40,0
DA:41,0
DA:44,0
DA:46,0
DA:48,0
DA:51,0
DA:52,0
LF:16
LH:0
end_of_record
SF:lib\features\menu\data\model\menu_item_model.dart
DA:8,14
DA:14,1
DA:22,1
DA:23,1
DA:25,0
LF:5
LH:4
end_of_record
SF:lib\features\menu\data\model\menu_item_model.g.dart
DA:9,1
DA:10,1
DA:11,1
DA:12,1
DA:13,2
DA:14,1
DA:15,1
DA:18,0
DA:19,0
DA:20,0
DA:21,0
DA:22,0
DA:23,0
DA:24,0
LF:14
LH:7
end_of_record
SF:lib\features\menu\data\model\sub_menu_model.dart
DA:8,5
DA:12,5
DA:18,1
DA:19,1
DA:21,0
LF:5
LH:4
end_of_record
SF:lib\features\menu\data\model\sub_menu_model.g.dart
DA:9,2
DA:10,1
DA:11,1
DA:12,1
DA:13,3
DA:14,1
DA:17,0
DA:18,0
DA:19,0
DA:20,0
DA:21,0
LF:11
LH:6
end_of_record
SF:lib\features\order\data\model\order_item_model.dart
DA:8,13
DA:13,0
DA:20,0
DA:21,0
DA:23,0
LF:5
LH:1
end_of_record
SF:lib\features\order\data\model\order_item_model.g.dart
DA:9,0
DA:10,0
DA:11,0
DA:12,0
DA:13,0
DA:14,0
DA:17,0
DA:18,0
DA:19,0
DA:20,0
DA:21,0
DA:22,0
LF:12
LH:0
end_of_record
SF:lib\features\menu\domain\entities\menu_item_entity.dart
DA:10,14
DA:18,2
DA:19,2
DA:20,2
DA:21,2
DA:22,2
DA:23,2
DA:24,2
LF:8
LH:8
end_of_record
SF:lib\features\menu\domain\entities\sub_menu_entity.dart
DA:8,5
DA:14,2
DA:15,8
LF:3
LH:3
end_of_record
SF:lib\features\menu\domain\usecases\get_menu_items_use_case.dart
DA:14,1
DA:18,1
DA:21,2
LF:3
LH:3
end_of_record
SF:lib\features\order\domain\entities\order_item_entity.g.dart
DA:13,0
DA:15,0
DA:16,0
DA:17,0
DA:19,0
DA:20,0
DA:21,0
DA:22,0
DA:23,0
DA:27,0
DA:30,0
DA:31,0
DA:32,0
DA:33,0
DA:34,0
DA:35,0
DA:36,0
DA:37,0
DA:38,0
DA:41,0
DA:42,0
DA:44,0
DA:47,0
DA:48,0
DA:49,0
LF:25
LH:0
end_of_record
SF:lib\features\order\domain\entities\order_item_entity.dart
DA:17,14
DA:24,0
DA:30,0
DA:31,0
DA:32,0
DA:33,0
DA:34,0
DA:38,2
DA:39,2
DA:40,2
DA:41,2
DA:42,2
DA:43,2
LF:13
LH:7
end_of_record
SF:lib\features\order\domain\usecases\delete_order_item_use_case.dart
DA:11,1
DA:15,1
DA:17,2
LF:3
LH:3
end_of_record
SF:lib\core\adapters\network_adapter.dart
DA:16,0
DA:18,0
DA:25,0
LF:3
LH:0
end_of_record
SF:lib\features\menu\data\model\menu_lists_model.dart
DA:9,0
DA:17,0
DA:18,0
DA:20,0
LF:4
LH:0
end_of_record
SF:lib\features\menu\data\model\menu_lists_model.g.dart
DA:9,0
DA:10,0
DA:11,0
DA:12,0
DA:13,0
DA:14,0
DA:15,0
DA:16,0
DA:19,0
DA:20,0
DA:21,0
DA:22,0
LF:12
LH:0
end_of_record
SF:lib\features\menu\data\responses\cache_response.dart
DA:9,0
DA:19,0
DA:20,0
DA:21,0
DA:22,0
LF:5
LH:0
end_of_record
SF:lib\features\menu\data\responses\cache_response.g.dart
DA:13,0
DA:15,0
DA:16,0
DA:17,0
DA:19,0
DA:20,0
DA:21,0
DA:25,0
DA:28,0
DA:29,0
DA:30,0
DA:31,0
DA:32,0
DA:35,0
DA:36,0
DA:38,0
DA:41,0
DA:42,0
DA:43,0
LF:19
LH:0
end_of_record
SF:lib\features\menu\data\responses\get_site_menu_response.dart
DA:8,0
DA:14,0
DA:15,0
DA:17,0
LF:4
LH:0
end_of_record
SF:lib\features\menu\data\responses\get_site_menu_response.g.dart
DA:9,0
DA:10,0
DA:12,0
DA:15,0
DA:17,0
DA:18,0
LF:6
LH:0
end_of_record
SF:lib\features\menu\domain\usecases\get_sub_menus_use_case.dart
DA:14,1
DA:18,1
DA:20,2
LF:3
LH:3
end_of_record
SF:lib\features\order\domain\usecases\get_order_use_case.dart
DA:13,1
DA:17,1
DA:19,2
LF:3
LH:3
end_of_record
SF:lib\features\order\domain\usecases\save_order_item_use_case.dart
DA:13,1
DA:17,1
DA:19,2
LF:3
LH:3
end_of_record
SF:lib\features\menu\presentation\cubit\menu\menu_cubit.dart
DA:17,1
DA:22,2
DA:24,1
DA:25,3
DA:26,2
DA:27,1
DA:28,1
DA:29,3
DA:31,1
DA:32,3
DA:37,1
DA:38,3
DA:39,2
DA:40,1
DA:41,1
DA:42,1
DA:43,2
DA:48,1
DA:49,1
DA:50,2
LF:20
LH:20
end_of_record
SF:lib\features\menu\presentation\cubit\menu\menu_state.dart
DA:15,11
DA:21,3
DA:29,3
DA:34,3
DA:36,3
DA:37,3
DA:41,1
DA:42,1
DA:43,1
DA:44,1
DA:45,1
LF:11
LH:11
end_of_record
SF:lib\features\order\presentation\cubit\order\order_cubit.dart
DA:15,1
DA:20,2
DA:22,1
DA:23,3
DA:24,2
DA:25,1
DA:26,1
DA:27,3
DA:29,1
DA:30,3
DA:35,1
DA:36,3
DA:37,2
DA:39,1
DA:40,0
DA:41,0
DA:42,0
DA:44,1
DA:45,3
LF:19
LH:16
end_of_record
SF:lib\features\order\presentation\cubit\order\order_state.dart
DA:15,10
DA:21,2
DA:29,2
DA:34,2
DA:36,2
DA:37,2
DA:41,1
DA:42,1
DA:43,1
DA:44,1
DA:45,1
LF:11
LH:11
end_of_record
SF:lib\features\menu\presentation\cubit\sub_menu\sub_menu_cubit.dart
DA:16,1
DA:21,2
DA:23,1
DA:24,3
DA:25,2
DA:27,1
DA:28,1
DA:29,1
DA:30,2
DA:36,1
DA:37,1
DA:38,2
DA:46,1
DA:47,3
DA:48,2
DA:50,1
DA:51,1
DA:52,1
DA:53,2
DA:59,1
DA:60,1
DA:61,2
LF:22
LH:22
end_of_record
SF:lib\features\menu\presentation\cubit\sub_menu\sub_menu_state.dart
DA:16,7
DA:23,2
DA:32,2
DA:38,2
DA:40,2
DA:41,2
DA:42,2
DA:46,1
DA:47,1
DA:48,1
DA:49,1
DA:50,1
DA:51,1
LF:13
LH:13
end_of_record
SF:lib\core\design\widgets\app_bar_widget.dart
DA:4,4
DA:19,4
DA:21,4
DA:22,8
DA:23,4
DA:24,8
DA:25,3
DA:26,3
DA:31,1
DA:35,4
LF:10
LH:10
end_of_record
SF:lib\core\design\widgets\badge_widget.dart
DA:4,1
DA:13,1
DA:15,1
DA:16,1
DA:17,1
DA:21,1
DA:23,1
DA:25,1
DA:26,1
LF:9
LH:9
end_of_record
SF:lib\core\design\widgets\circular_progress_indicator_widget.dart
DA:4,6
DA:6,2
LF:2
LH:2
end_of_record
SF:lib\core\design\widgets\dialog_widget.dart
DA:4,3
DA:11,3
DA:13,3
DA:14,3
DA:15,3
DA:24,3
DA:28,3
DA:30,3
DA:31,3
LF:9
LH:9
end_of_record
SF:lib\core\design\widgets\wendys_card.dart
DA:4,1
DA:13,1
DA:15,1
DA:16,1
DA:17,1
DA:19,1
DA:21,1
DA:22,1
DA:24,1
DA:25,1
DA:26,1
DA:33,1
DA:35,1
DA:36,1
LF:14
LH:14
end_of_record
SF:lib\features\menu\presentation\pages\categories_page.dart
DA:14,1
DA:16,1
DA:17,1
DA:21,1
DA:23,1
DA:25,2
DA:26,1
DA:27,2
DA:28,1
DA:29,1
DA:34,1
DA:36,1
DA:37,1
DA:38,1
DA:39,2
DA:40,1
DA:46,1
DA:47,1
DA:48,1
DA:50,1
DA:51,1
DA:53,1
DA:54,0
DA:56,0
DA:57,0
DA:58,0
DA:61,3
DA:66,2
DA:70,1
DA:77,2
DA:78,1
DA:79,2
DA:81,1
DA:82,1
DA:83,0
DA:84,0
DA:88,0
DA:89,0
LF:38
LH:30
end_of_record
SF:lib\features\order\data\repositories\order_repository_impl.dart
DA:10,1
DA:14,1
DA:17,3
DA:18,1
DA:19,1
DA:20,3
DA:24,1
DA:27,3
DA:28,1
DA:29,1
DA:30,3
DA:34,1
DA:37,3
DA:38,1
DA:39,1
DA:40,3
LF:16
LH:16
end_of_record
SF:lib\features\order\data\services\order_service.dart
DA:13,0
DA:18,0
DA:21,0
DA:27,0
DA:30,0
DA:36,0
DA:39,0
DA:41,0
DA:42,0
DA:43,0
DA:44,0
DA:48,0
DA:49,0
LF:13
LH:0
end_of_record
SF:lib\features\menu\presentation\pages\menu_item_page.dart
DA:12,1
DA:19,1
DA:20,1
DA:24,1
DA:26,1
DA:27,1
DA:28,1
DA:29,2
DA:30,2
DA:31,1
DA:32,1
DA:33,4
DA:35,1
DA:37,0
DA:45,2
DA:46,1
DA:47,3
DA:48,0
DA:50,1
DA:52,1
DA:53,1
DA:54,1
DA:55,3
DA:63,4
DA:67,1
DA:73,1
DA:74,1
DA:75,1
DA:76,3
DA:77,3
DA:78,3
LF:31
LH:29
end_of_record
SF:lib\features\menu\presentation\pages\menu_page.dart
DA:15,1
DA:22,1
DA:23,1
DA:27,1
DA:29,1
DA:30,6
DA:33,1
DA:35,1
DA:36,1
DA:37,2
DA:38,1
DA:44,1
DA:45,1
DA:46,1
DA:47,3
DA:48,0
DA:50,2
DA:54,1
DA:62,2
DA:63,0
DA:64,0
DA:65,0
DA:66,0
DA:67,0
DA:68,0
LF:25
LH:18
end_of_record
SF:lib\features\order\presentation\pages\order_page.dart
DA:11,1
DA:15,1
DA:16,1
DA:20,1
DA:22,1
DA:23,2
DA:24,1
DA:25,3
DA:30,1
DA:32,1
DA:34,1
DA:35,1
DA:36,2
DA:37,1
DA:43,2
DA:44,1
DA:46,0
DA:48,1
DA:49,2
DA:50,1
DA:51,2
DA:52,1
DA:53,1
DA:55,1
DA:56,1
DA:57,2
DA:60,1
DA:61,3
DA:64,1
DA:65,3
DA:68,1
DA:70,1
DA:71,1
DA:72,3
LF:34
LH:33
end_of_record
